

Started GET "/assets/rails.png" for 127.0.0.1 at 2012-05-02 19:18:58 -0300
Served asset /rails.png - 200 OK (8ms)


Started GET "/assets/rails.png" for 127.0.0.1 at 2012-05-02 19:21:01 -0300
Served asset /rails.png - 304 Not Modified (19ms)


Started GET "/" for 127.0.0.1 at 2012-05-02 19:21:42 -0300

ActionController::RoutingError (No route matches [GET] "/"):
  actionpack (3.2.0) lib/action_dispatch/middleware/debug_exceptions.rb:21:in `call'
  actionpack (3.2.0) lib/action_dispatch/middleware/show_exceptions.rb:56:in `call'
  railties (3.2.0) lib/rails/rack/logger.rb:26:in `call_app'
  railties (3.2.0) lib/rails/rack/logger.rb:16:in `call'
  actionpack (3.2.0) lib/action_dispatch/middleware/request_id.rb:22:in `call'
  rack (1.4.1) lib/rack/methodoverride.rb:21:in `call'
  rack (1.4.1) lib/rack/runtime.rb:17:in `call'
  activesupport (3.2.0) lib/active_support/cache/strategy/local_cache.rb:72:in `call'
  rack (1.4.1) lib/rack/lock.rb:15:in `call'
  actionpack (3.2.0) lib/action_dispatch/middleware/static.rb:53:in `call'
  railties (3.2.0) lib/rails/engine.rb:479:in `call'
  railties (3.2.0) lib/rails/application.rb:220:in `call'
  rack (1.4.1) lib/rack/content_length.rb:14:in `call'
  railties (3.2.0) lib/rails/rack/log_tailer.rb:14:in `call'
  rack (1.4.1) lib/rack/handler/webrick.rb:59:in `service'
  /Users/lui/.rvm/rubies/ruby-1.9.3-p0/lib/ruby/1.9.1/webrick/httpserver.rb:138:in `service'
  /Users/lui/.rvm/rubies/ruby-1.9.3-p0/lib/ruby/1.9.1/webrick/httpserver.rb:94:in `run'
  /Users/lui/.rvm/rubies/ruby-1.9.3-p0/lib/ruby/1.9.1/webrick/server.rb:191:in `block in start_thread'


  Rendered /Users/lui/.rvm/gems/ruby-1.9.3-p0/gems/actionpack-3.2.0/lib/action_dispatch/middleware/templates/rescues/routing_error.erb within rescues/layout (3.0ms)


Started GET "/" for 127.0.0.1 at 2012-05-02 19:23:06 -0300
Processing by HomeController#index as HTML
  Rendered home/index.html.erb within layouts/application (0.3ms)
Compiled home.css  (18ms)  (pid 13999)
Compiled application.css  (50ms)  (pid 13999)
Compiled jquery.js  (2ms)  (pid 13999)
Compiled jquery_ujs.js  (0ms)  (pid 13999)
Compiled home.js  (149ms)  (pid 13999)
Compiled application.js  (180ms)  (pid 13999)
Completed 200 OK in 273ms (Views: 273.1ms | ActiveRecord: 0.0ms)


Started GET "/assets/home.css?body=1" for 127.0.0.1 at 2012-05-02 19:23:07 -0300
Served asset /home.css - 200 OK (4ms)


Started GET "/assets/jquery.js?body=1" for 127.0.0.1 at 2012-05-02 19:23:07 -0300
Served asset /jquery.js - 200 OK (3ms)


Started GET "/assets/jquery_ujs.js?body=1" for 127.0.0.1 at 2012-05-02 19:23:07 -0300
Served asset /jquery_ujs.js - 200 OK (2ms)


Started GET "/assets/home.js?body=1" for 127.0.0.1 at 2012-05-02 19:23:07 -0300
Served asset /home.js - 200 OK (1ms)


Started GET "/assets/application.js?body=1" for 127.0.0.1 at 2012-05-02 19:23:07 -0300
Served asset /application.js - 200 OK (4ms)


Started GET "/assets/application.css?body=1" for 127.0.0.1 at 2012-05-02 19:23:07 -0300
Served asset /application.css - 200 OK (2ms)


Started GET "/" for 127.0.0.1 at 2012-05-02 19:23:23 -0300
Processing by HomeController#index as HTML
  Rendered home/index.html.erb within layouts/application (0.3ms)
Completed 200 OK in 5ms (Views: 4.7ms | ActiveRecord: 0.0ms)


Started GET "/assets/jquery.js?body=1" for 127.0.0.1 at 2012-05-02 19:23:23 -0300
Served asset /jquery.js - 304 Not Modified (0ms)


Started GET "/assets/home.js?body=1" for 127.0.0.1 at 2012-05-02 19:23:23 -0300
Served asset /home.js - 304 Not Modified (0ms)


Started GET "/assets/application.css?body=1" for 127.0.0.1 at 2012-05-02 19:23:23 -0300
Served asset /application.css - 304 Not Modified (0ms)


Started GET "/assets/jquery_ujs.js?body=1" for 127.0.0.1 at 2012-05-02 19:23:23 -0300
Served asset /jquery_ujs.js - 304 Not Modified (0ms)


Started GET "/assets/home.css?body=1" for 127.0.0.1 at 2012-05-02 19:23:23 -0300
Served asset /home.css - 304 Not Modified (0ms)


Started GET "/assets/application.js?body=1" for 127.0.0.1 at 2012-05-02 19:23:23 -0300
Served asset /application.js - 304 Not Modified (0ms)
  [1m[36m (0.1ms)[0m  [1mselect sqlite_version(*)[0m
  [1m[35m (1.3ms)[0m  CREATE TABLE "schema_migrations" ("version" varchar(255) NOT NULL) 
  [1m[36m (0.0ms)[0m  [1mPRAGMA index_list("schema_migrations")[0m
  [1m[35m (1.2ms)[0m  CREATE UNIQUE INDEX "unique_schema_migrations" ON "schema_migrations" ("version")
  [1m[36m (0.1ms)[0m  [1mSELECT "schema_migrations"."version" FROM "schema_migrations" [0m
Migrating to CreateMembers (20120502222502)
  [1m[35m (0.0ms)[0m  begin transaction
  [1m[36m (0.3ms)[0m  [1mCREATE TABLE "members" ("id" INTEGER PRIMARY KEY AUTOINCREMENT NOT NULL, "name" varchar(255), "email" varchar(255), "created_at" datetime NOT NULL, "updated_at" datetime NOT NULL) [0m
  [1m[35m (0.1ms)[0m  INSERT INTO "schema_migrations" ("version") VALUES ('20120502222502')
  [1m[36m (2.0ms)[0m  [1mcommit transaction[0m
  [1m[35m (0.3ms)[0m  select sqlite_version(*)
  [1m[36m (0.1ms)[0m  [1mSELECT "schema_migrations"."version" FROM "schema_migrations" [0m
  [1m[35m (0.0ms)[0m  PRAGMA index_list("members")


Started GET "/" for 127.0.0.1 at 2012-05-02 19:29:04 -0300
Processing by HomeController#index as HTML
  Rendered home/index.html.erb within layouts/application (2.2ms)
Compiled members.css  (4ms)  (pid 14018)
Compiled scaffolds.css  (13ms)  (pid 14018)
Compiled application.css  (37ms)  (pid 14018)
Compiled members.js  (84ms)  (pid 14018)
Compiled application.js  (126ms)  (pid 14018)
Completed 200 OK in 224ms (Views: 223.3ms | ActiveRecord: 0.0ms)


Started GET "/assets/members.css?body=1" for 127.0.0.1 at 2012-05-02 19:29:04 -0300
Served asset /members.css - 200 OK (2ms)


Started GET "/assets/jquery.js?body=1" for 127.0.0.1 at 2012-05-02 19:29:04 -0300
Served asset /jquery.js - 304 Not Modified (2ms)


Started GET "/assets/home.css?body=1" for 127.0.0.1 at 2012-05-02 19:29:04 -0300
Served asset /home.css - 304 Not Modified (1ms)


Started GET "/assets/application.css?body=1" for 127.0.0.1 at 2012-05-02 19:29:04 -0300
Served asset /application.css - 304 Not Modified (6ms)


Started GET "/assets/scaffolds.css?body=1" for 127.0.0.1 at 2012-05-02 19:29:04 -0300
Served asset /scaffolds.css - 200 OK (2ms)


Started GET "/assets/members.js?body=1" for 127.0.0.1 at 2012-05-02 19:29:04 -0300
Served asset /members.js - 200 OK (1ms)


Started GET "/assets/jquery_ujs.js?body=1" for 127.0.0.1 at 2012-05-02 19:29:04 -0300
Served asset /jquery_ujs.js - 304 Not Modified (2ms)


Started GET "/assets/home.js?body=1" for 127.0.0.1 at 2012-05-02 19:29:04 -0300
Served asset /home.js - 304 Not Modified (1ms)


Started GET "/assets/application.js?body=1" for 127.0.0.1 at 2012-05-02 19:29:04 -0300
Served asset /application.js - 304 Not Modified (11ms)


Started GET "/members" for 127.0.0.1 at 2012-05-02 19:29:06 -0300
Processing by MembersController#index as HTML
  [1m[36mMember Load (0.1ms)[0m  [1mSELECT "members".* FROM "members" [0m
  Rendered members/index.html.erb within layouts/application (1.0ms)
Completed 200 OK in 9ms (Views: 7.3ms | ActiveRecord: 0.1ms)


Started GET "/assets/application.css?body=1" for 127.0.0.1 at 2012-05-02 19:29:06 -0300
Served asset /application.css - 304 Not Modified (0ms)


Started GET "/assets/home.css?body=1" for 127.0.0.1 at 2012-05-02 19:29:06 -0300
Served asset /home.css - 304 Not Modified (0ms)


Started GET "/assets/jquery.js?body=1" for 127.0.0.1 at 2012-05-02 19:29:06 -0300
Served asset /jquery.js - 304 Not Modified (0ms)


Started GET "/assets/home.js?body=1" for 127.0.0.1 at 2012-05-02 19:29:06 -0300
Served asset /home.js - 304 Not Modified (0ms)


Started GET "/assets/application.js?body=1" for 127.0.0.1 at 2012-05-02 19:29:06 -0300
Served asset /application.js - 304 Not Modified (0ms)


Started GET "/assets/jquery_ujs.js?body=1" for 127.0.0.1 at 2012-05-02 19:29:06 -0300
Served asset /jquery_ujs.js - 304 Not Modified (0ms)


Started GET "/members/new" for 127.0.0.1 at 2012-05-02 19:29:11 -0300
Processing by MembersController#new as HTML
  Rendered members/_form.html.erb (25.1ms)
  Rendered members/new.html.erb within layouts/application (48.4ms)
Completed 200 OK in 82ms (Views: 75.8ms | ActiveRecord: 0.0ms)


Started GET "/assets/application.css?body=1" for 127.0.0.1 at 2012-05-02 19:29:11 -0300
Served asset /application.css - 304 Not Modified (0ms)


Started GET "/assets/home.css?body=1" for 127.0.0.1 at 2012-05-02 19:29:11 -0300
Served asset /home.css - 304 Not Modified (0ms)


Started GET "/assets/jquery.js?body=1" for 127.0.0.1 at 2012-05-02 19:29:11 -0300
Served asset /jquery.js - 304 Not Modified (0ms)


Started GET "/assets/application.js?body=1" for 127.0.0.1 at 2012-05-02 19:29:11 -0300
Served asset /application.js - 304 Not Modified (0ms)


Started GET "/assets/jquery_ujs.js?body=1" for 127.0.0.1 at 2012-05-02 19:29:11 -0300
Served asset /jquery_ujs.js - 304 Not Modified (0ms)


Started GET "/assets/home.js?body=1" for 127.0.0.1 at 2012-05-02 19:29:11 -0300
Served asset /home.js - 304 Not Modified (0ms)


Started POST "/members" for 127.0.0.1 at 2012-05-02 19:29:25 -0300
Processing by MembersController#create as HTML
  Parameters: {"utf8"=>"✓", "authenticity_token"=>"RdovMCXB4U/Y3rmu4nXVO1C9UAB8s5Od4+d61roiDlk=", "member"=>{"name"=>"Lui", "email"=>"bruno.lui@bluesoft.com"}, "commit"=>"Create Member"}
  [1m[35m (0.1ms)[0m  begin transaction
  [1m[36mSQL (36.5ms)[0m  [1mINSERT INTO "members" ("created_at", "email", "name", "updated_at") VALUES (?, ?, ?, ?)[0m  [["created_at", Wed, 02 May 2012 22:29:25 UTC +00:00], ["email", "bruno.lui@bluesoft.com"], ["name", "Lui"], ["updated_at", Wed, 02 May 2012 22:29:25 UTC +00:00]]
  [1m[35m (1.1ms)[0m  commit transaction
Redirected to http://localhost:3000/members/1
Completed 302 Found in 43ms (ActiveRecord: 37.7ms)


Started GET "/members/1" for 127.0.0.1 at 2012-05-02 19:29:25 -0300
Processing by MembersController#show as HTML
  Parameters: {"id"=>"1"}
  [1m[36mMember Load (0.2ms)[0m  [1mSELECT "members".* FROM "members" WHERE "members"."id" = ? LIMIT 1[0m  [["id", "1"]]
  Rendered members/show.html.erb within layouts/application (1.1ms)
Completed 200 OK in 8ms (Views: 6.1ms | ActiveRecord: 0.2ms)


Started GET "/assets/application.css?body=1" for 127.0.0.1 at 2012-05-02 19:29:25 -0300
Served asset /application.css - 304 Not Modified (0ms)


Started GET "/assets/home.css?body=1" for 127.0.0.1 at 2012-05-02 19:29:26 -0300
Served asset /home.css - 304 Not Modified (0ms)


Started GET "/assets/application.js?body=1" for 127.0.0.1 at 2012-05-02 19:29:26 -0300
Served asset /application.js - 304 Not Modified (0ms)


Started GET "/assets/jquery.js?body=1" for 127.0.0.1 at 2012-05-02 19:29:26 -0300
Served asset /jquery.js - 304 Not Modified (0ms)


Started GET "/assets/home.js?body=1" for 127.0.0.1 at 2012-05-02 19:29:26 -0300
Served asset /home.js - 304 Not Modified (0ms)


Started GET "/assets/jquery_ujs.js?body=1" for 127.0.0.1 at 2012-05-02 19:29:26 -0300
Served asset /jquery_ujs.js - 304 Not Modified (0ms)


Started GET "/members" for 127.0.0.1 at 2012-05-02 19:29:29 -0300
Processing by MembersController#index as HTML
  [1m[35mMember Load (0.2ms)[0m  SELECT "members".* FROM "members" 
  Rendered members/index.html.erb within layouts/application (1.2ms)
Completed 200 OK in 7ms (Views: 6.1ms | ActiveRecord: 0.2ms)


Started GET "/assets/application.css?body=1" for 127.0.0.1 at 2012-05-02 19:29:29 -0300
Served asset /application.css - 304 Not Modified (0ms)


Started GET "/assets/scaffolds.css?body=1" for 127.0.0.1 at 2012-05-02 19:29:29 -0300
Served asset /scaffolds.css - 304 Not Modified (0ms)


Started GET "/assets/jquery_ujs.js?body=1" for 127.0.0.1 at 2012-05-02 19:29:29 -0300
Served asset /jquery_ujs.js - 304 Not Modified (0ms)


Started GET "/assets/jquery.js?body=1" for 127.0.0.1 at 2012-05-02 19:29:29 -0300
Served asset /jquery.js - 304 Not Modified (0ms)


Started GET "/assets/members.css?body=1" for 127.0.0.1 at 2012-05-02 19:29:30 -0300
Served asset /members.css - 304 Not Modified (0ms)


Started GET "/assets/home.css?body=1" for 127.0.0.1 at 2012-05-02 19:29:30 -0300
Served asset /home.css - 304 Not Modified (0ms)


Started GET "/assets/home.js?body=1" for 127.0.0.1 at 2012-05-02 19:29:30 -0300
Served asset /home.js - 304 Not Modified (0ms)


Started GET "/assets/members.js?body=1" for 127.0.0.1 at 2012-05-02 19:29:30 -0300
Served asset /members.js - 304 Not Modified (0ms)


Started GET "/assets/application.js?body=1" for 127.0.0.1 at 2012-05-02 19:29:30 -0300
Served asset /application.js - 304 Not Modified (0ms)
